<?xml version="1.0" encoding="UTF-8"?>
<!-- Generated by org.testng.reporters.JUnitReportReporter -->
<testsuite hostname="DESKTOP-O95LREJ" failures="0" tests="1" name="Tests.Test_Slider" time="6.762" errors="0" timestamp="2023-05-07T08:23:03 PDT" skipped="0">
  <testcase classname="Tests.Test_Slider" name="Slider" time="6.762"/>
  <system-out/>
</testsuite> <!-- Tests.Test_Slider -->
