<?xml version="1.0" encoding="UTF-8"?>
<!-- Generated by org.testng.reporters.JUnitReportReporter -->
<testsuite hostname="DESKTOP-O95LREJ" failures="0" tests="1" name="Tests.Test_iFrames" time="6.249" errors="0" timestamp="2023-04-27T07:52:29 PDT" skipped="0">
  <testcase classname="Tests.Test_iFrames" name="Test_IFrame" time="6.249"/>
  <system-out/>
</testsuite> <!-- Tests.Test_iFrames -->
