<?xml version="1.0" encoding="UTF-8"?>
<!-- Generated by org.testng.reporters.JUnitReportReporter -->
<testsuite hostname="DESKTOP-O95LREJ" failures="0" tests="4" name="Tests.Test_EmployeeSection" time="34.323" errors="0" timestamp="2023-05-26T22:44:17 PDT" skipped="0">
  <testcase classname="Tests.Test_EmployeeSection" name="EmployeeSection" time="16.249"/>
  <system-out/>
  <testcase classname="Tests.Test_EmployeeSection" name="filter" time="2.574"/>
  <system-out/>
  <testcase classname="Tests.Test_EmployeeSection" name="Orderd_Pages" time="12.988"/>
  <system-out/>
  <testcase classname="Tests.Test_EmployeeSection" name="Delete_Row" time="2.512"/>
  <system-out/>
</testsuite> <!-- Tests.Test_EmployeeSection -->
