<?xml version="1.0" encoding="UTF-8"?>
<!-- Generated by org.testng.reporters.JUnitReportReporter -->
<testsuite hostname="DESKTOP-O95LREJ" failures="0" tests="1" name="Tests.Test_HomePage" time="3.612" errors="0" timestamp="2023-03-20T03:40:38 PDT" skipped="0">
  <testcase classname="Tests.Test_HomePage" name="HomePage" time="3.612"/>
  <system-out/>
</testsuite> <!-- Tests.Test_HomePage -->
