<?xml version="1.0" encoding="UTF-8"?>
<!-- Generated by org.testng.reporters.JUnitReportReporter -->
<testsuite hostname="DESKTOP-O95LREJ" failures="0" tests="1" name="Tests.Test_Basis" time="0.209" errors="0" timestamp="2023-03-20T02:01:54 PDT" skipped="0">
  <testcase classname="Tests.Test_Basis" name="tst" time="0.209"/>
  <system-out/>
</testsuite> <!-- Tests.Test_Basis -->
