<?xml version="1.0" encoding="UTF-8"?>
<!-- Generated by org.testng.reporters.JUnitReportReporter -->
<testsuite hostname="DESKTOP-O95LREJ" failures="0" tests="1" name="Tests.Test_Tooltip" time="7.838" errors="0" timestamp="2023-04-27T15:22:08 PDT" skipped="0">
  <testcase classname="Tests.Test_Tooltip" name="Tooltip" time="7.838"/>
  <system-out/>
</testsuite> <!-- Tests.Test_Tooltip -->
