<?xml version="1.0" encoding="UTF-8"?>
<!-- Generated by org.testng.reporters.JUnitReportReporter -->
<testsuite hostname="DESKTOP-O95LREJ" failures="0" tests="5" name="Tests.Test_CssProperties" time="19.280" errors="0" timestamp="2023-04-27T12:44:38 PDT" skipped="0">
  <testcase classname="Tests.Test_CssProperties" name="Css_Properties_Links" time="6.098"/>
  <system-out/>
  <testcase classname="Tests.Test_CssProperties" name="Css_Properties_Labels" time="3.342"/>
  <system-out/>
  <testcase classname="Tests.Test_CssProperties" name="Css_Properties_Buttons" time="3.235"/>
  <system-out/>
  <testcase classname="Tests.Test_CssProperties" name="Css_Properties_Alerts" time="3.412"/>
  <system-out/>
  <testcase classname="Tests.Test_CssProperties" name="Css_Properties_Progress_Bars" time="3.193"/>
  <system-out/>
</testsuite> <!-- Tests.Test_CssProperties -->
